# JRE version: OpenJDK Runtime Environment Microsoft-8035246 (17.0.8+7) (build 17.0.8+7-LTS)
# Java VM: OpenJDK 64-Bit Server VM Microsoft-8035246 (17.0.8+7-LTS, mixed mode, sharing, tiered, compressed oops, compressed class ptrs, g1 gc, windows-amd64)
GC Precious Log:
 CPUs: 12 total, 12 available
 Memory: 16077M
 Large Page Support: Disabled
 NUMA Support: Disabled
 Compressed Oops: Enabled (32-bit)
 Heap Region Size: 1M
 Heap Min Capacity: 8M
 Heap Initial Capacity: 252M
 Heap Max Capacity: 2G
 Pre-touch: Disabled
 Parallel Workers: 10
 Concurrent Workers: 3
 Concurrent Refinement Workers: 10
 Periodic GC: Disabled
Heap:
 garbage-first heap   total 327680K, used 238227K [0x0000000080000000, 0x0000000100000000)
  region size 1024K, 71 young (72704K), 9 survivors (9216K)
 Metaspace       used 101726K, committed 102720K, reserved 557056K
  class space    used 14181K, committed 14656K, reserved 425984K
GC Heap History (20 events):
Event: 9.103 GC heap before
{Heap before GC invocations=31 (full 0):
 garbage-first heap   total 175104K, used 128572K [0x0000000080000000, 0x0000000100000000)
  region size 1024K, 40 young (40960K), 1 survivors (1024K)
 Metaspace       used 74211K, committed 74880K, reserved 491520K
  class space    used 10337K, committed 10688K, reserved 425984K
}
Event: 9.109 GC heap after
{Heap after GC invocations=32 (full 0):
 garbage-first heap   total 175104K, used 90878K [0x0000000080000000, 0x0000000100000000)
  region size 1024K, 4 young (4096K), 4 survivors (4096K)
 Metaspace       used 74211K, committed 74880K, reserved 491520K
  class space    used 10337K, committed 10688K, reserved 425984K
}
Event: 9.355 GC heap before
{Heap before GC invocations=33 (full 0):
 garbage-first heap   total 175104K, used 128766K [0x0000000080000000, 0x0000000100000000)
  region size 1024K, 44 young (45056K), 4 survivors (4096K)
 Metaspace       used 77303K, committed 78080K, reserved 557056K
  class space    used 10737K, committed 11136K, reserved 425984K
}
Event: 9.362 GC heap after
{Heap after GC invocations=34 (full 0):
 garbage-first heap   total 175104K, used 88719K [0x0000000080000000, 0x0000000100000000)
  region size 1024K, 5 young (5120K), 5 survivors (5120K)
 Metaspace       used 77303K, committed 78080K, reserved 557056K
  class space    used 10737K, committed 11136K, reserved 425984K
}
Event: 9.382 GC heap before
{Heap before GC invocations=34 (full 0):
 garbage-first heap   total 175104K, used 91791K [0x0000000080000000, 0x0000000100000000)
  region size 1024K, 8 young (8192K), 5 survivors (5120K)
 Metaspace       used 77476K, committed 78208K, reserved 557056K
  class space    used 10758K, committed 11136K, reserved 425984K
}
Event: 9.390 GC heap after
{Heap after GC invocations=35 (full 0):
 garbage-first heap   total 175104K, used 88261K [0x0000000080000000, 0x0000000100000000)
  region size 1024K, 1 young (1024K), 1 survivors (1024K)
 Metaspace       used 77476K, committed 78208K, reserved 557056K
  class space    used 10758K, committed 11136K, reserved 425984K
}
Event: 10.985 GC heap before
{Heap before GC invocations=35 (full 0):
 garbage-first heap   total 175104K, used 133317K [0x0000000080000000, 0x0000000100000000)
  region size 1024K, 45 young (46080K), 1 survivors (1024K)
 Metaspace       used 78000K, committed 78720K, reserved 557056K
  class space    used 10853K, committed 11200K, reserved 425984K
}
Event: 10.989 GC heap after
{Heap after GC invocations=36 (full 0):
 garbage-first heap   total 356352K, used 91413K [0x0000000080000000, 0x0000000100000000)
  region size 1024K, 4 young (4096K), 4 survivors (4096K)
 Metaspace       used 78000K, committed 78720K, reserved 557056K
  class space    used 10853K, committed 11200K, reserved 425984K
}
Event: 11.959 GC heap before
{Heap before GC invocations=37 (full 0):
 garbage-first heap   total 327680K, used 252181K [0x0000000080000000, 0x0000000100000000)
  region size 1024K, 160 young (163840K), 4 survivors (4096K)
 Metaspace       used 87041K, committed 87808K, reserved 557056K
  class space    used 12238K, committed 12608K, reserved 425984K
}
Event: 11.965 GC heap after
{Heap after GC invocations=38 (full 0):
 garbage-first heap   total 327680K, used 98815K [0x0000000080000000, 0x0000000100000000)
  region size 1024K, 11 young (11264K), 11 survivors (11264K)
 Metaspace       used 87041K, committed 87808K, reserved 557056K
  class space    used 12238K, committed 12608K, reserved 425984K
}
Event: 12.006 GC heap before
{Heap before GC invocations=38 (full 0):
 garbage-first heap   total 327680K, used 102911K [0x0000000080000000, 0x0000000100000000)
  region size 1024K, 16 young (16384K), 11 survivors (11264K)
 Metaspace       used 87332K, committed 88128K, reserved 557056K
  class space    used 12271K, committed 12672K, reserved 425984K
}
Event: 12.022 GC heap after
{Heap after GC invocations=39 (full 0):
 garbage-first heap   total 327680K, used 99497K [0x0000000080000000, 0x0000000100000000)
  region size 1024K, 2 young (2048K), 2 survivors (2048K)
 Metaspace       used 87332K, committed 88128K, reserved 557056K
  class space    used 12271K, committed 12672K, reserved 425984K
}
Event: 13.096 GC heap before
{Heap before GC invocations=39 (full 0):
 garbage-first heap   total 327680K, used 257193K [0x0000000080000000, 0x0000000100000000)
  region size 1024K, 147 young (150528K), 2 survivors (2048K)
 Metaspace       used 90221K, committed 91136K, reserved 557056K
  class space    used 12655K, committed 13056K, reserved 425984K
}
Event: 13.106 GC heap after
{Heap after GC invocations=40 (full 0):
 garbage-first heap   total 327680K, used 138531K [0x0000000080000000, 0x0000000100000000)
  region size 1024K, 19 young (19456K), 19 survivors (19456K)
 Metaspace       used 90221K, committed 91136K, reserved 557056K
  class space    used 12655K, committed 13056K, reserved 425984K
}
Event: 14.007 GC heap before
{Heap before GC invocations=40 (full 0):
 garbage-first heap   total 327680K, used 246051K [0x0000000080000000, 0x0000000100000000)
  region size 1024K, 124 young (126976K), 19 survivors (19456K)
 Metaspace       used 97411K, committed 98432K, reserved 557056K
  class space    used 13638K, committed 14144K, reserved 425984K
}
Event: 14.016 GC heap after
{Heap after GC invocations=41 (full 0):
 garbage-first heap   total 327680K, used 148706K [0x0000000080000000, 0x0000000100000000)
  region size 1024K, 8 young (8192K), 8 survivors (8192K)
 Metaspace       used 97411K, committed 98432K, reserved 557056K
  class space    used 13638K, committed 14144K, reserved 425984K
}
Event: 14.645 GC heap before
{Heap before GC invocations=41 (full 0):
 garbage-first heap   total 327680K, used 257250K [0x0000000080000000, 0x0000000100000000)
  region size 1024K, 110 young (112640K), 8 survivors (8192K)
 Metaspace       used 100801K, committed 101824K, reserved 557056K
  class space    used 14071K, committed 14592K, reserved 425984K
}
Event: 14.655 GC heap after
{Heap after GC invocations=42 (full 0):
 garbage-first heap   total 327680K, used 160231K [0x0000000080000000, 0x0000000100000000)
  region size 1024K, 12 young (12288K), 12 survivors (12288K)
 Metaspace       used 100801K, committed 101824K, reserved 557056K
  class space    used 14071K, committed 14592K, reserved 425984K
}
Event: 15.099 GC heap before
{Heap before GC invocations=42 (full 0):
 garbage-first heap   total 327680K, used 256487K [0x0000000080000000, 0x0000000100000000)
  region size 1024K, 107 young (109568K), 12 survivors (12288K)
 Metaspace       used 101609K, committed 102592K, reserved 557056K
  class space    used 14177K, committed 14656K, reserved 425984K
}
Event: 15.111 GC heap after
{Heap after GC invocations=43 (full 0):
 garbage-first heap   total 327680K, used 168595K [0x0000000080000000, 0x0000000100000000)
  region size 1024K, 9 young (9216K), 9 survivors (9216K)
 Metaspace       used 101609K, committed 102592K, reserved 557056K
  class space    used 14177K, committed 14656K, reserved 425984K
}

