# JRE version: OpenJDK Runtime Environment Microsoft-8035246 (17.0.8+7) (build 17.0.8+7-LTS)
# Java VM: OpenJDK 64-Bit Server VM Microsoft-8035246 (17.0.8+7-LTS, mixed mode, sharing, tiered, compressed oops, compressed class ptrs, g1 gc, windows-amd64)
GC Precious Log:
 CPUs: 12 total, 12 available
 Memory: 16077M
 Large Page Support: Disabled
 NUMA Support: Disabled
 Compressed Oops: Enabled (32-bit)
 Heap Region Size: 1M
 Heap Min Capacity: 8M
 Heap Initial Capacity: 252M
 Heap Max Capacity: 2G
 Pre-touch: Disabled
 Parallel Workers: 10
 Concurrent Workers: 3
 Concurrent Refinement Workers: 10
 Periodic GC: Disabled
Heap:
 garbage-first heap   total 225280K, used 186686K [0x0000000080000000, 0x0000000100000000)
  region size 1024K, 17 young (17408K), 3 survivors (3072K)
 Metaspace       used 106967K, committed 107968K, reserved 557056K
  class space    used 14762K, committed 15232K, reserved 425984K
GC Heap History (20 events):
Event: 40.218 GC heap before
{Heap before GC invocations=47 (full 0):
 garbage-first heap   total 225280K, used 183528K [0x0000000080000000, 0x0000000100000000)
  region size 1024K, 43 young (44032K), 4 survivors (4096K)
 Metaspace       used 100868K, committed 101824K, reserved 557056K
  class space    used 14029K, committed 14464K, reserved 425984K
}
Event: 40.226 GC heap after
{Heap after GC invocations=48 (full 0):
 garbage-first heap   total 225280K, used 146472K [0x0000000080000000, 0x0000000100000000)
  region size 1024K, 6 young (6144K), 6 survivors (6144K)
 Metaspace       used 100868K, committed 101824K, reserved 557056K
  class space    used 14029K, committed 14464K, reserved 425984K
}
Event: 41.241 GC heap before
{Heap before GC invocations=48 (full 0):
 garbage-first heap   total 225280K, used 186408K [0x0000000080000000, 0x0000000100000000)
  region size 1024K, 45 young (46080K), 6 survivors (6144K)
 Metaspace       used 102579K, committed 103552K, reserved 557056K
  class space    used 14243K, committed 14720K, reserved 425984K
}
Event: 41.249 GC heap after
{Heap after GC invocations=49 (full 0):
 garbage-first heap   total 225280K, used 149795K [0x0000000080000000, 0x0000000100000000)
  region size 1024K, 6 young (6144K), 6 survivors (6144K)
 Metaspace       used 102579K, committed 103552K, reserved 557056K
  class space    used 14243K, committed 14720K, reserved 425984K
}
Event: 42.142 GC heap before
{Heap before GC invocations=49 (full 0):
 garbage-first heap   total 225280K, used 187683K [0x0000000080000000, 0x0000000100000000)
  region size 1024K, 43 young (44032K), 6 survivors (6144K)
 Metaspace       used 103176K, committed 104128K, reserved 557056K
  class space    used 14300K, committed 14784K, reserved 425984K
}
Event: 42.153 GC heap after
{Heap after GC invocations=50 (full 0):
 garbage-first heap   total 225280K, used 153994K [0x0000000080000000, 0x0000000100000000)
  region size 1024K, 5 young (5120K), 5 survivors (5120K)
 Metaspace       used 103176K, committed 104128K, reserved 557056K
  class space    used 14300K, committed 14784K, reserved 425984K
}
Event: 42.727 GC heap before
{Heap before GC invocations=50 (full 0):
 garbage-first heap   total 225280K, used 187786K [0x0000000080000000, 0x0000000100000000)
  region size 1024K, 39 young (39936K), 5 survivors (5120K)
 Metaspace       used 104057K, committed 104960K, reserved 557056K
  class space    used 14384K, committed 14848K, reserved 425984K
}
Event: 42.738 GC heap after
{Heap after GC invocations=51 (full 0):
 garbage-first heap   total 225280K, used 158876K [0x0000000080000000, 0x0000000100000000)
  region size 1024K, 5 young (5120K), 5 survivors (5120K)
 Metaspace       used 104057K, committed 104960K, reserved 557056K
  class space    used 14384K, committed 14848K, reserved 425984K
}
Event: 43.382 GC heap before
{Heap before GC invocations=51 (full 0):
 garbage-first heap   total 225280K, used 193692K [0x0000000080000000, 0x0000000100000000)
  region size 1024K, 35 young (35840K), 5 survivors (5120K)
 Metaspace       used 106045K, committed 107072K, reserved 557056K
  class space    used 14659K, committed 15168K, reserved 425984K
}
Event: 43.392 GC heap after
{Heap after GC invocations=52 (full 0):
 garbage-first heap   total 225280K, used 163123K [0x0000000080000000, 0x0000000100000000)
  region size 1024K, 5 young (5120K), 5 survivors (5120K)
 Metaspace       used 106045K, committed 107072K, reserved 557056K
  class space    used 14659K, committed 15168K, reserved 425984K
}
Event: 43.832 GC heap before
{Heap before GC invocations=52 (full 0):
 garbage-first heap   total 225280K, used 189747K [0x0000000080000000, 0x0000000100000000)
  region size 1024K, 32 young (32768K), 5 survivors (5120K)
 Metaspace       used 106288K, committed 107328K, reserved 557056K
  class space    used 14665K, committed 15168K, reserved 425984K
}
Event: 43.838 GC heap after
{Heap after GC invocations=53 (full 0):
 garbage-first heap   total 225280K, used 164372K [0x0000000080000000, 0x0000000100000000)
  region size 1024K, 2 young (2048K), 2 survivors (2048K)
 Metaspace       used 106288K, committed 107328K, reserved 557056K
  class space    used 14665K, committed 15168K, reserved 425984K
}
Event: 44.872 GC heap before
{Heap before GC invocations=53 (full 0):
 garbage-first heap   total 225280K, used 190996K [0x0000000080000000, 0x0000000100000000)
  region size 1024K, 29 young (29696K), 2 survivors (2048K)
 Metaspace       used 106839K, committed 107840K, reserved 557056K
  class space    used 14762K, committed 15232K, reserved 425984K
}
Event: 44.880 GC heap after
{Heap after GC invocations=54 (full 0):
 garbage-first heap   total 225280K, used 168606K [0x0000000080000000, 0x0000000100000000)
  region size 1024K, 4 young (4096K), 4 survivors (4096K)
 Metaspace       used 106839K, committed 107840K, reserved 557056K
  class space    used 14762K, committed 15232K, reserved 425984K
}
Event: 45.221 GC heap before
{Heap before GC invocations=54 (full 0):
 garbage-first heap   total 225280K, used 192158K [0x0000000080000000, 0x0000000100000000)
  region size 1024K, 28 young (28672K), 4 survivors (4096K)
 Metaspace       used 106939K, committed 107904K, reserved 557056K
  class space    used 14762K, committed 15232K, reserved 425984K
}
Event: 45.228 GC heap after
{Heap after GC invocations=55 (full 0):
 garbage-first heap   total 225280K, used 171129K [0x0000000080000000, 0x0000000100000000)
  region size 1024K, 3 young (3072K), 3 survivors (3072K)
 Metaspace       used 106939K, committed 107904K, reserved 557056K
  class space    used 14762K, committed 15232K, reserved 425984K
}
Event: 45.456 GC heap before
{Heap before GC invocations=55 (full 0):
 garbage-first heap   total 225280K, used 192633K [0x0000000080000000, 0x0000000100000000)
  region size 1024K, 25 young (25600K), 3 survivors (3072K)
 Metaspace       used 106949K, committed 107904K, reserved 557056K
  class space    used 14762K, committed 15232K, reserved 425984K
}
Event: 45.460 GC heap after
{Heap after GC invocations=56 (full 0):
 garbage-first heap   total 225280K, used 172321K [0x0000000080000000, 0x0000000100000000)
  region size 1024K, 4 young (4096K), 4 survivors (4096K)
 Metaspace       used 106949K, committed 107904K, reserved 557056K
  class space    used 14762K, committed 15232K, reserved 425984K
}
Event: 46.129 GC heap before
{Heap before GC invocations=56 (full 0):
 garbage-first heap   total 225280K, used 194849K [0x0000000080000000, 0x0000000100000000)
  region size 1024K, 26 young (26624K), 4 survivors (4096K)
 Metaspace       used 106954K, committed 107904K, reserved 557056K
  class space    used 14762K, committed 15232K, reserved 425984K
}
Event: 46.134 GC heap after
{Heap after GC invocations=57 (full 0):
 garbage-first heap   total 225280K, used 173374K [0x0000000080000000, 0x0000000100000000)
  region size 1024K, 3 young (3072K), 3 survivors (3072K)
 Metaspace       used 106954K, committed 107904K, reserved 557056K
  class space    used 14762K, committed 15232K, reserved 425984K
}

