# JRE version: OpenJDK Runtime Environment Microsoft-8035246 (17.0.8+7) (build 17.0.8+7-LTS)
# Java VM: OpenJDK 64-Bit Server VM Microsoft-8035246 (17.0.8+7-LTS, mixed mode, sharing, tiered, compressed oops, compressed class ptrs, g1 gc, windows-amd64)
GC Precious Log:
 CPUs: 12 total, 12 available
 Memory: 16077M
 Large Page Support: Disabled
 NUMA Support: Disabled
 Compressed Oops: Enabled (32-bit)
 Heap Region Size: 1M
 Heap Min Capacity: 8M
 Heap Initial Capacity: 252M
 Heap Max Capacity: 2G
 Pre-touch: Disabled
 Parallel Workers: 10
 Concurrent Workers: 3
 Concurrent Refinement Workers: 10
 Periodic GC: Disabled
Heap:
 garbage-first heap   total 263168K, used 186741K [0x0000000080000000, 0x0000000100000000)
  region size 1024K, 21 young (21504K), 3 survivors (3072K)
 Metaspace       used 106929K, committed 108032K, reserved 557056K
  class space    used 14821K, committed 15360K, reserved 425984K
GC Heap History (20 events):
Event: 28.058 GC heap before
{Heap before GC invocations=26 (full 0):
 garbage-first heap   total 263168K, used 209772K [0x0000000080000000, 0x0000000100000000)
  region size 1024K, 140 young (143360K), 19 survivors (19456K)
 Metaspace       used 85376K, committed 86080K, reserved 557056K
  class space    used 11769K, committed 12096K, reserved 425984K
}
Event: 28.076 GC heap after
{Heap after GC invocations=27 (full 0):
 garbage-first heap   total 263168K, used 93486K [0x0000000080000000, 0x0000000100000000)
  region size 1024K, 8 young (8192K), 8 survivors (8192K)
 Metaspace       used 85376K, committed 86080K, reserved 557056K
  class space    used 11769K, committed 12096K, reserved 425984K
}
Event: 29.074 GC heap before
{Heap before GC invocations=27 (full 0):
 garbage-first heap   total 263168K, used 212270K [0x0000000080000000, 0x0000000100000000)
  region size 1024K, 124 young (126976K), 8 survivors (8192K)
 Metaspace       used 92505K, committed 93312K, reserved 557056K
  class space    used 12905K, committed 13312K, reserved 425984K
}
Event: 29.080 GC heap after
{Heap after GC invocations=28 (full 0):
 garbage-first heap   total 263168K, used 98771K [0x0000000080000000, 0x0000000100000000)
  region size 1024K, 13 young (13312K), 13 survivors (13312K)
 Metaspace       used 92505K, committed 93312K, reserved 557056K
  class space    used 12905K, committed 13312K, reserved 425984K
}
Event: 30.776 GC heap before
{Heap before GC invocations=28 (full 0):
 garbage-first heap   total 263168K, used 220627K [0x0000000080000000, 0x0000000100000000)
  region size 1024K, 125 young (128000K), 13 survivors (13312K)
 Metaspace       used 94859K, committed 95744K, reserved 557056K
  class space    used 13219K, committed 13632K, reserved 425984K
}
Event: 30.791 GC heap after
{Heap after GC invocations=29 (full 0):
 garbage-first heap   total 263168K, used 131067K [0x0000000080000000, 0x0000000100000000)
  region size 1024K, 16 young (16384K), 16 survivors (16384K)
 Metaspace       used 94859K, committed 95744K, reserved 557056K
  class space    used 13219K, committed 13632K, reserved 425984K
}
Event: 31.570 GC heap before
{Heap before GC invocations=29 (full 0):
 garbage-first heap   total 263168K, used 197627K [0x0000000080000000, 0x0000000100000000)
  region size 1024K, 80 young (81920K), 16 survivors (16384K)
 Metaspace       used 97347K, committed 98240K, reserved 557056K
  class space    used 13562K, committed 14016K, reserved 425984K
}
Event: 31.579 GC heap after
{Heap after GC invocations=30 (full 0):
 garbage-first heap   total 263168K, used 143012K [0x0000000080000000, 0x0000000100000000)
  region size 1024K, 9 young (9216K), 9 survivors (9216K)
 Metaspace       used 97347K, committed 98240K, reserved 557056K
  class space    used 13562K, committed 14016K, reserved 425984K
}
Event: 32.599 GC heap before
{Heap before GC invocations=31 (full 0):
 garbage-first heap   total 263168K, used 209572K [0x0000000080000000, 0x0000000100000000)
  region size 1024K, 74 young (75776K), 9 survivors (9216K)
 Metaspace       used 102143K, committed 103104K, reserved 557056K
  class space    used 14226K, committed 14720K, reserved 425984K
}
Event: 32.606 GC heap after
{Heap after GC invocations=32 (full 0):
 garbage-first heap   total 263168K, used 148358K [0x0000000080000000, 0x0000000100000000)
  region size 1024K, 5 young (5120K), 5 survivors (5120K)
 Metaspace       used 102143K, committed 103104K, reserved 557056K
  class space    used 14226K, committed 14720K, reserved 425984K
}
Event: 33.476 GC heap before
{Heap before GC invocations=33 (full 0):
 garbage-first heap   total 263168K, used 213894K [0x0000000080000000, 0x0000000100000000)
  region size 1024K, 69 young (70656K), 5 survivors (5120K)
 Metaspace       used 103404K, committed 104384K, reserved 557056K
  class space    used 14360K, committed 14848K, reserved 425984K
}
Event: 33.485 GC heap after
{Heap after GC invocations=34 (full 0):
 garbage-first heap   total 263168K, used 155388K [0x0000000080000000, 0x0000000100000000)
  region size 1024K, 9 young (9216K), 9 survivors (9216K)
 Metaspace       used 103404K, committed 104384K, reserved 557056K
  class space    used 14360K, committed 14848K, reserved 425984K
}
Event: 33.506 GC heap before
{Heap before GC invocations=34 (full 0):
 garbage-first heap   total 263168K, used 158460K [0x0000000080000000, 0x0000000100000000)
  region size 1024K, 12 young (12288K), 9 survivors (9216K)
 Metaspace       used 103432K, committed 104448K, reserved 557056K
  class space    used 14364K, committed 14848K, reserved 425984K
}
Event: 33.511 GC heap after
{Heap after GC invocations=35 (full 0):
 garbage-first heap   total 263168K, used 156791K [0x0000000080000000, 0x0000000100000000)
  region size 1024K, 2 young (2048K), 2 survivors (2048K)
 Metaspace       used 103432K, committed 104448K, reserved 557056K
  class space    used 14364K, committed 14848K, reserved 425984K
}
Event: 33.960 GC heap before
{Heap before GC invocations=35 (full 0):
 garbage-first heap   total 263168K, used 219255K [0x0000000080000000, 0x0000000100000000)
  region size 1024K, 59 young (60416K), 2 survivors (2048K)
 Metaspace       used 106161K, committed 107136K, reserved 557056K
  class space    used 14721K, committed 15232K, reserved 425984K
}
Event: 33.965 GC heap after
{Heap after GC invocations=36 (full 0):
 garbage-first heap   total 263168K, used 161261K [0x0000000080000000, 0x0000000100000000)
  region size 1024K, 6 young (6144K), 6 survivors (6144K)
 Metaspace       used 106161K, committed 107136K, reserved 557056K
  class space    used 14721K, committed 15232K, reserved 425984K
}
Event: 34.330 GC heap before
{Heap before GC invocations=36 (full 0):
 garbage-first heap   total 263168K, used 215533K [0x0000000080000000, 0x0000000100000000)
  region size 1024K, 60 young (61440K), 6 survivors (6144K)
 Metaspace       used 106890K, committed 107904K, reserved 557056K
  class space    used 14821K, committed 15360K, reserved 425984K
}
Event: 34.335 GC heap after
{Heap after GC invocations=37 (full 0):
 garbage-first heap   total 263168K, used 166498K [0x0000000080000000, 0x0000000100000000)
  region size 1024K, 6 young (6144K), 6 survivors (6144K)
 Metaspace       used 106890K, committed 107904K, reserved 557056K
  class space    used 14821K, committed 15360K, reserved 425984K
}
Event: 34.639 GC heap before
{Heap before GC invocations=37 (full 0):
 garbage-first heap   total 263168K, used 216674K [0x0000000080000000, 0x0000000100000000)
  region size 1024K, 56 young (57344K), 6 survivors (6144K)
 Metaspace       used 106917K, committed 107968K, reserved 557056K
  class space    used 14821K, committed 15360K, reserved 425984K
}
Event: 34.644 GC heap after
{Heap after GC invocations=38 (full 0):
 garbage-first heap   total 263168K, used 169333K [0x0000000080000000, 0x0000000100000000)
  region size 1024K, 3 young (3072K), 3 survivors (3072K)
 Metaspace       used 106917K, committed 107968K, reserved 557056K
  class space    used 14821K, committed 15360K, reserved 425984K
}

