# JRE version: OpenJDK Runtime Environment Microsoft-8035246 (17.0.8+7) (build 17.0.8+7-LTS)
# Java VM: OpenJDK 64-Bit Server VM Microsoft-8035246 (17.0.8+7-LTS, mixed mode, sharing, tiered, compressed oops, compressed class ptrs, g1 gc, windows-amd64)
GC Precious Log:
 CPUs: 12 total, 12 available
 Memory: 16077M
 Large Page Support: Disabled
 NUMA Support: Disabled
 Compressed Oops: Enabled (32-bit)
 Heap Region Size: 1M
 Heap Min Capacity: 8M
 Heap Initial Capacity: 252M
 Heap Max Capacity: 2G
 Pre-touch: Disabled
 Parallel Workers: 10
 Concurrent Workers: 3
 Concurrent Refinement Workers: 10
 Periodic GC: Disabled
Heap:
 garbage-first heap   total 342016K, used 265319K [0x0000000080000000, 0x0000000100000000)
  region size 1024K, 115 young (117760K), 11 survivors (11264K)
 Metaspace       used 106782K, committed 107776K, reserved 557056K
  class space    used 14826K, committed 15296K, reserved 425984K
GC Heap History (20 events):
Event: 12.988 GC heap before
{Heap before GC invocations=38 (full 0):
 garbage-first heap   total 187392K, used 136416K [0x0000000080000000, 0x0000000100000000)
  region size 1024K, 50 young (51200K), 4 survivors (4096K)
 Metaspace       used 83171K, committed 83968K, reserved 557056K
  class space    used 11479K, committed 11840K, reserved 425984K
}
Event: 12.993 GC heap after
{Heap after GC invocations=39 (full 0):
 garbage-first heap   total 187392K, used 91363K [0x0000000080000000, 0x0000000100000000)
  region size 1024K, 6 young (6144K), 6 survivors (6144K)
 Metaspace       used 83171K, committed 83968K, reserved 557056K
  class space    used 11479K, committed 11840K, reserved 425984K
}
Event: 13.008 GC heap before
{Heap before GC invocations=39 (full 0):
 garbage-first heap   total 187392K, used 94435K [0x0000000080000000, 0x0000000100000000)
  region size 1024K, 9 young (9216K), 6 survivors (6144K)
 Metaspace       used 83171K, committed 83968K, reserved 557056K
  class space    used 11479K, committed 11840K, reserved 425984K
}
Event: 13.012 GC heap after
{Heap after GC invocations=40 (full 0):
 garbage-first heap   total 187392K, used 90990K [0x0000000080000000, 0x0000000100000000)
  region size 1024K, 1 young (1024K), 1 survivors (1024K)
 Metaspace       used 83171K, committed 83968K, reserved 557056K
  class space    used 11479K, committed 11840K, reserved 425984K
}
Event: 14.832 GC heap before
{Heap before GC invocations=40 (full 0):
 garbage-first heap   total 187392K, used 141166K [0x0000000080000000, 0x0000000100000000)
  region size 1024K, 50 young (51200K), 1 survivors (1024K)
 Metaspace       used 84316K, committed 85056K, reserved 557056K
  class space    used 11637K, committed 11968K, reserved 425984K
}
Event: 14.836 GC heap after
{Heap after GC invocations=41 (full 0):
 garbage-first heap   total 187392K, used 94190K [0x0000000080000000, 0x0000000100000000)
  region size 1024K, 4 young (4096K), 4 survivors (4096K)
 Metaspace       used 84316K, committed 85056K, reserved 557056K
  class space    used 11637K, committed 11968K, reserved 425984K
}
Event: 15.228 GC heap before
{Heap before GC invocations=42 (full 0):
 garbage-first heap   total 187392K, used 145390K [0x0000000080000000, 0x0000000100000000)
  region size 1024K, 53 young (54272K), 4 survivors (4096K)
 Metaspace       used 87659K, committed 88384K, reserved 557056K
  class space    used 12126K, committed 12480K, reserved 425984K
}
Event: 15.232 GC heap after
{Heap after GC invocations=43 (full 0):
 garbage-first heap   total 187392K, used 95776K [0x0000000080000000, 0x0000000100000000)
  region size 1024K, 5 young (5120K), 5 survivors (5120K)
 Metaspace       used 87659K, committed 88384K, reserved 557056K
  class space    used 12126K, committed 12480K, reserved 425984K
}
Event: 15.257 GC heap before
{Heap before GC invocations=43 (full 0):
 garbage-first heap   total 187392K, used 99872K [0x0000000080000000, 0x0000000100000000)
  region size 1024K, 9 young (9216K), 5 survivors (5120K)
 Metaspace       used 87960K, committed 88704K, reserved 557056K
  class space    used 12192K, committed 12544K, reserved 425984K
}
Event: 15.264 GC heap after
{Heap after GC invocations=44 (full 0):
 garbage-first heap   total 187392K, used 95635K [0x0000000080000000, 0x0000000100000000)
  region size 1024K, 1 young (1024K), 1 survivors (1024K)
 Metaspace       used 87960K, committed 88704K, reserved 557056K
  class space    used 12192K, committed 12544K, reserved 425984K
}
Event: 15.638 GC heap before
{Heap before GC invocations=44 (full 0):
 garbage-first heap   total 187392K, used 148883K [0x0000000080000000, 0x0000000100000000)
  region size 1024K, 53 young (54272K), 1 survivors (1024K)
 Metaspace       used 91611K, committed 92352K, reserved 557056K
  class space    used 12797K, committed 13120K, reserved 425984K
}
Event: 15.643 GC heap after
{Heap after GC invocations=45 (full 0):
 garbage-first heap   total 382976K, used 97263K [0x0000000080000000, 0x0000000100000000)
  region size 1024K, 3 young (3072K), 3 survivors (3072K)
 Metaspace       used 91611K, committed 92352K, reserved 557056K
  class space    used 12797K, committed 13120K, reserved 425984K
}
Event: 17.732 GC heap before
{Heap before GC invocations=46 (full 0):
 garbage-first heap   total 334848K, used 302063K [0x0000000080000000, 0x0000000100000000)
  region size 1024K, 195 young (199680K), 3 survivors (3072K)
 Metaspace       used 95642K, committed 96512K, reserved 557056K
  class space    used 13332K, committed 13760K, reserved 425984K
}
Event: 17.746 GC heap after
{Heap after GC invocations=47 (full 0):
 garbage-first heap   total 342016K, used 140297K [0x0000000080000000, 0x0000000100000000)
  region size 1024K, 25 young (25600K), 25 survivors (25600K)
 Metaspace       used 95642K, committed 96512K, reserved 557056K
  class space    used 13332K, committed 13760K, reserved 425984K
}
Event: 17.756 GC heap before
{Heap before GC invocations=47 (full 0):
 garbage-first heap   total 342016K, used 141321K [0x0000000080000000, 0x0000000100000000)
  region size 1024K, 26 young (26624K), 25 survivors (25600K)
 Metaspace       used 95695K, committed 96576K, reserved 557056K
  class space    used 13339K, committed 13760K, reserved 425984K
}
Event: 17.763 GC heap after
{Heap after GC invocations=48 (full 0):
 garbage-first heap   total 342016K, used 143335K [0x0000000080000000, 0x0000000100000000)
  region size 1024K, 2 young (2048K), 2 survivors (2048K)
 Metaspace       used 95695K, committed 96576K, reserved 557056K
  class space    used 13339K, committed 13760K, reserved 425984K
}
Event: 18.993 GC heap before
{Heap before GC invocations=48 (full 0):
 garbage-first heap   total 342016K, used 262119K [0x0000000080000000, 0x0000000100000000)
  region size 1024K, 118 young (120832K), 2 survivors (2048K)
 Metaspace       used 102906K, committed 103872K, reserved 557056K
  class space    used 14311K, committed 14784K, reserved 425984K
}
Event: 18.999 GC heap after
{Heap after GC invocations=49 (full 0):
 garbage-first heap   total 342016K, used 150742K [0x0000000080000000, 0x0000000100000000)
  region size 1024K, 10 young (10240K), 10 survivors (10240K)
 Metaspace       used 102906K, committed 103872K, reserved 557056K
  class space    used 14311K, committed 14784K, reserved 425984K
}
Event: 19.809 GC heap before
{Heap before GC invocations=49 (full 0):
 garbage-first heap   total 342016K, used 269526K [0x0000000080000000, 0x0000000100000000)
  region size 1024K, 122 young (124928K), 10 survivors (10240K)
 Metaspace       used 106148K, committed 107072K, reserved 557056K
  class space    used 14726K, committed 15168K, reserved 425984K
}
Event: 19.819 GC heap after
{Heap after GC invocations=50 (full 0):
 garbage-first heap   total 342016K, used 160871K [0x0000000080000000, 0x0000000100000000)
  region size 1024K, 11 young (11264K), 11 survivors (11264K)
 Metaspace       used 106148K, committed 107072K, reserved 557056K
  class space    used 14726K, committed 15168K, reserved 425984K
}

