# JRE version: OpenJDK Runtime Environment Microsoft-8035246 (17.0.8+7) (build 17.0.8+7-LTS)
# Java VM: OpenJDK 64-Bit Server VM Microsoft-8035246 (17.0.8+7-LTS, mixed mode, sharing, tiered, compressed oops, compressed class ptrs, g1 gc, windows-amd64)
GC Precious Log:
 CPUs: 12 total, 12 available
 Memory: 16077M
 Large Page Support: Disabled
 NUMA Support: Disabled
 Compressed Oops: Enabled (32-bit)
 Heap Region Size: 1M
 Heap Min Capacity: 8M
 Heap Initial Capacity: 252M
 Heap Max Capacity: 2G
 Pre-touch: Disabled
 Parallel Workers: 10
 Concurrent Workers: 3
 Concurrent Refinement Workers: 10
 Periodic GC: Disabled
Heap:
 garbage-first heap   total 265216K, used 216209K [0x0000000080000000, 0x0000000100000000)
  region size 1024K, 55 young (56320K), 8 survivors (8192K)
 Metaspace       used 101748K, committed 102784K, reserved 557056K
  class space    used 14180K, committed 14656K, reserved 425984K
GC Heap History (20 events):
Event: 15.335 GC heap before
{Heap before GC invocations=24 (full 0):
 garbage-first heap   total 220160K, used 166087K [0x0000000080000000, 0x0000000100000000)
  region size 1024K, 47 young (48128K), 8 survivors (8192K)
 Metaspace       used 89563K, committed 90432K, reserved 557056K
  class space    used 12570K, committed 12992K, reserved 425984K
}
Event: 15.342 GC heap after
{Heap after GC invocations=25 (full 0):
 garbage-first heap   total 220160K, used 137978K [0x0000000080000000, 0x0000000100000000)
  region size 1024K, 6 young (6144K), 6 survivors (6144K)
 Metaspace       used 89563K, committed 90432K, reserved 557056K
  class space    used 12570K, committed 12992K, reserved 425984K
}
Event: 15.398 GC heap before
{Heap before GC invocations=25 (full 0):
 garbage-first heap   total 220160K, used 142074K [0x0000000080000000, 0x0000000100000000)
  region size 1024K, 10 young (10240K), 6 survivors (6144K)
 Metaspace       used 89677K, committed 90560K, reserved 557056K
  class space    used 12587K, committed 12992K, reserved 425984K
}
Event: 15.403 GC heap after
{Heap after GC invocations=26 (full 0):
 garbage-first heap   total 220160K, used 138142K [0x0000000080000000, 0x0000000100000000)
  region size 1024K, 1 young (1024K), 1 survivors (1024K)
 Metaspace       used 89677K, committed 90560K, reserved 557056K
  class space    used 12587K, committed 12992K, reserved 425984K
}
Event: 15.729 GC heap before
{Heap before GC invocations=26 (full 0):
 garbage-first heap   total 220160K, used 175006K [0x0000000080000000, 0x0000000100000000)
  region size 1024K, 37 young (37888K), 1 survivors (1024K)
 Metaspace       used 91722K, committed 92608K, reserved 557056K
  class space    used 12870K, committed 13312K, reserved 425984K
}
Event: 15.735 GC heap after
{Heap after GC invocations=27 (full 0):
 garbage-first heap   total 264192K, used 140459K [0x0000000080000000, 0x0000000100000000)
  region size 1024K, 4 young (4096K), 4 survivors (4096K)
 Metaspace       used 91722K, committed 92608K, reserved 557056K
  class space    used 12870K, committed 13312K, reserved 425984K
}
Event: 16.525 GC heap before
{Heap before GC invocations=28 (full 0):
 garbage-first heap   total 264192K, used 196779K [0x0000000080000000, 0x0000000100000000)
  region size 1024K, 59 young (60416K), 4 survivors (4096K)
 Metaspace       used 96124K, committed 97088K, reserved 557056K
  class space    used 13476K, committed 13952K, reserved 425984K
}
Event: 16.531 GC heap after
{Heap after GC invocations=29 (full 0):
 garbage-first heap   total 264192K, used 144540K [0x0000000080000000, 0x0000000100000000)
  region size 1024K, 8 young (8192K), 8 survivors (8192K)
 Metaspace       used 96124K, committed 97088K, reserved 557056K
  class space    used 13476K, committed 13952K, reserved 425984K
}
Event: 16.562 GC heap before
{Heap before GC invocations=29 (full 0):
 garbage-first heap   total 264192K, used 147612K [0x0000000080000000, 0x0000000100000000)
  region size 1024K, 12 young (12288K), 8 survivors (8192K)
 Metaspace       used 96379K, committed 97280K, reserved 557056K
  class space    used 13502K, committed 13952K, reserved 425984K
}
Event: 16.572 GC heap after
{Heap after GC invocations=30 (full 0):
 garbage-first heap   total 264192K, used 145202K [0x0000000080000000, 0x0000000100000000)
  region size 1024K, 2 young (2048K), 2 survivors (2048K)
 Metaspace       used 96379K, committed 97280K, reserved 557056K
  class space    used 13502K, committed 13952K, reserved 425984K
}
Event: 17.103 GC heap before
{Heap before GC invocations=30 (full 0):
 garbage-first heap   total 264192K, used 203570K [0x0000000080000000, 0x0000000100000000)
  region size 1024K, 59 young (60416K), 2 survivors (2048K)
 Metaspace       used 97866K, committed 98816K, reserved 557056K
  class space    used 13671K, committed 14144K, reserved 425984K
}
Event: 17.108 GC heap after
{Heap after GC invocations=31 (full 0):
 garbage-first heap   total 264192K, used 150555K [0x0000000080000000, 0x0000000100000000)
  region size 1024K, 7 young (7168K), 7 survivors (7168K)
 Metaspace       used 97866K, committed 98816K, reserved 557056K
  class space    used 13671K, committed 14144K, reserved 425984K
}
Event: 17.647 GC heap before
{Heap before GC invocations=32 (full 0):
 garbage-first heap   total 265216K, used 211995K [0x0000000080000000, 0x0000000100000000)
  region size 1024K, 63 young (64512K), 7 survivors (7168K)
 Metaspace       used 100627K, committed 101568K, reserved 557056K
  class space    used 14007K, committed 14464K, reserved 425984K
}
Event: 17.659 GC heap after
{Heap after GC invocations=33 (full 0):
 garbage-first heap   total 265216K, used 158172K [0x0000000080000000, 0x0000000100000000)
  region size 1024K, 8 young (8192K), 8 survivors (8192K)
 Metaspace       used 100627K, committed 101568K, reserved 557056K
  class space    used 14007K, committed 14464K, reserved 425984K
}
Event: 17.684 GC heap before
{Heap before GC invocations=33 (full 0):
 garbage-first heap   total 265216K, used 161244K [0x0000000080000000, 0x0000000100000000)
  region size 1024K, 12 young (12288K), 8 survivors (8192K)
 Metaspace       used 100810K, committed 101760K, reserved 557056K
  class space    used 14068K, committed 14528K, reserved 425984K
}
Event: 17.689 GC heap after
{Heap after GC invocations=34 (full 0):
 garbage-first heap   total 265216K, used 158355K [0x0000000080000000, 0x0000000100000000)
  region size 1024K, 2 young (2048K), 2 survivors (2048K)
 Metaspace       used 100810K, committed 101760K, reserved 557056K
  class space    used 14068K, committed 14528K, reserved 425984K
}
Event: 18.032 GC heap before
{Heap before GC invocations=34 (full 0):
 garbage-first heap   total 265216K, used 210579K [0x0000000080000000, 0x0000000100000000)
  region size 1024K, 54 young (55296K), 2 survivors (2048K)
 Metaspace       used 101626K, committed 102592K, reserved 557056K
  class space    used 14178K, committed 14656K, reserved 425984K
}
Event: 18.038 GC heap after
{Heap after GC invocations=35 (full 0):
 garbage-first heap   total 265216K, used 160216K [0x0000000080000000, 0x0000000100000000)
  region size 1024K, 4 young (4096K), 4 survivors (4096K)
 Metaspace       used 101626K, committed 102592K, reserved 557056K
  class space    used 14178K, committed 14656K, reserved 425984K
}
Event: 18.191 GC heap before
{Heap before GC invocations=35 (full 0):
 garbage-first heap   total 265216K, used 213464K [0x0000000080000000, 0x0000000100000000)
  region size 1024K, 57 young (58368K), 4 survivors (4096K)
 Metaspace       used 101699K, committed 102720K, reserved 557056K
  class space    used 14179K, committed 14656K, reserved 425984K
}
Event: 18.194 GC heap after
{Heap after GC invocations=36 (full 0):
 garbage-first heap   total 265216K, used 165009K [0x0000000080000000, 0x0000000100000000)
  region size 1024K, 8 young (8192K), 8 survivors (8192K)
 Metaspace       used 101699K, committed 102720K, reserved 557056K
  class space    used 14179K, committed 14656K, reserved 425984K
}

