# JRE version: OpenJDK Runtime Environment Microsoft-8035246 (17.0.8+7) (build 17.0.8+7-LTS)
# Java VM: OpenJDK 64-Bit Server VM Microsoft-8035246 (17.0.8+7-LTS, mixed mode, sharing, tiered, compressed oops, compressed class ptrs, g1 gc, windows-amd64)
GC Precious Log:
 CPUs: 12 total, 12 available
 Memory: 16077M
 Large Page Support: Disabled
 NUMA Support: Disabled
 Compressed Oops: Enabled (32-bit)
 Heap Region Size: 1M
 Heap Min Capacity: 8M
 Heap Initial Capacity: 252M
 Heap Max Capacity: 2G
 Pre-touch: Disabled
 Parallel Workers: 10
 Concurrent Workers: 3
 Concurrent Refinement Workers: 10
 Periodic GC: Disabled
Heap:
 garbage-first heap   total 337920K, used 236544K [0x0000000080000000, 0x0000000100000000)
  region size 1024K, 53 young (54272K), 5 survivors (5120K)
 Metaspace       used 103290K, committed 104320K, reserved 557056K
  class space    used 14363K, committed 14848K, reserved 425984K
GC Heap History (20 events):
Event: 12.628 GC heap before
{Heap before GC invocations=41 (full 0):
 garbage-first heap   total 191488K, used 142167K [0x0000000080000000, 0x0000000100000000)
  region size 1024K, 50 young (51200K), 1 survivors (1024K)
 Metaspace       used 87494K, committed 88320K, reserved 557056K
  class space    used 12287K, committed 12672K, reserved 425984K
}
Event: 12.639 GC heap after
{Heap after GC invocations=42 (full 0):
 garbage-first heap   total 191488K, used 97676K [0x0000000080000000, 0x0000000100000000)
  region size 1024K, 5 young (5120K), 5 survivors (5120K)
 Metaspace       used 87494K, committed 88320K, reserved 557056K
  class space    used 12287K, committed 12672K, reserved 425984K
}
Event: 13.150 GC heap before
{Heap before GC invocations=43 (full 0):
 garbage-first heap   total 191488K, used 161164K [0x0000000080000000, 0x0000000100000000)
  region size 1024K, 60 young (61440K), 5 survivors (5120K)
 Metaspace       used 88739K, committed 89600K, reserved 557056K
  class space    used 12489K, committed 12928K, reserved 425984K
}
Event: 13.157 GC heap after
{Heap after GC invocations=44 (full 0):
 garbage-first heap   total 191488K, used 118189K [0x0000000080000000, 0x0000000100000000)
  region size 1024K, 8 young (8192K), 8 survivors (8192K)
 Metaspace       used 88739K, committed 89600K, reserved 557056K
  class space    used 12489K, committed 12928K, reserved 425984K
}
Event: 13.166 GC heap before
{Heap before GC invocations=44 (full 0):
 garbage-first heap   total 191488K, used 119213K [0x0000000080000000, 0x0000000100000000)
  region size 1024K, 9 young (9216K), 8 survivors (8192K)
 Metaspace       used 88752K, committed 89600K, reserved 557056K
  class space    used 12491K, committed 12928K, reserved 425984K
}
Event: 13.170 GC heap after
{Heap after GC invocations=45 (full 0):
 garbage-first heap   total 337920K, used 118465K [0x0000000080000000, 0x0000000100000000)
  region size 1024K, 1 young (1024K), 1 survivors (1024K)
 Metaspace       used 88752K, committed 89600K, reserved 557056K
  class space    used 12491K, committed 12928K, reserved 425984K
}
Event: 14.194 GC heap before
{Heap before GC invocations=45 (full 0):
 garbage-first heap   total 337920K, used 224961K [0x0000000080000000, 0x0000000100000000)
  region size 1024K, 103 young (105472K), 1 survivors (1024K)
 Metaspace       used 91418K, committed 92288K, reserved 557056K
  class space    used 12842K, committed 13248K, reserved 425984K
}
Event: 14.203 GC heap after
{Heap after GC invocations=46 (full 0):
 garbage-first heap   total 337920K, used 138494K [0x0000000080000000, 0x0000000100000000)
  region size 1024K, 13 young (13312K), 13 survivors (13312K)
 Metaspace       used 91418K, committed 92288K, reserved 557056K
  class space    used 12842K, committed 13248K, reserved 425984K
}
Event: 15.077 GC heap before
{Heap before GC invocations=46 (full 0):
 garbage-first heap   total 337920K, used 236798K [0x0000000080000000, 0x0000000100000000)
  region size 1024K, 109 young (111616K), 13 survivors (13312K)
 Metaspace       used 97597K, committed 98560K, reserved 557056K
  class space    used 13663K, committed 14144K, reserved 425984K
}
Event: 15.086 GC heap after
{Heap after GC invocations=47 (full 0):
 garbage-first heap   total 337920K, used 146875K [0x0000000080000000, 0x0000000100000000)
  region size 1024K, 9 young (9216K), 9 survivors (9216K)
 Metaspace       used 97597K, committed 98560K, reserved 557056K
  class space    used 13663K, committed 14144K, reserved 425984K
}
Event: 15.761 GC heap before
{Heap before GC invocations=47 (full 0):
 garbage-first heap   total 337920K, used 249275K [0x0000000080000000, 0x0000000100000000)
  region size 1024K, 105 young (107520K), 9 survivors (9216K)
 Metaspace       used 100752K, committed 101824K, reserved 557056K
  class space    used 14068K, committed 14592K, reserved 425984K
}
Event: 15.770 GC heap after
{Heap after GC invocations=48 (full 0):
 garbage-first heap   total 337920K, used 157440K [0x0000000080000000, 0x0000000100000000)
  region size 1024K, 11 young (11264K), 11 survivors (11264K)
 Metaspace       used 100752K, committed 101824K, reserved 557056K
  class space    used 14068K, committed 14592K, reserved 425984K
}
Event: 16.250 GC heap before
{Heap before GC invocations=48 (full 0):
 garbage-first heap   total 337920K, used 252672K [0x0000000080000000, 0x0000000100000000)
  region size 1024K, 105 young (107520K), 11 survivors (11264K)
 Metaspace       used 101559K, committed 102528K, reserved 557056K
  class space    used 14172K, committed 14656K, reserved 425984K
}
Event: 16.258 GC heap after
{Heap after GC invocations=49 (full 0):
 garbage-first heap   total 337920K, used 165361K [0x0000000080000000, 0x0000000100000000)
  region size 1024K, 8 young (8192K), 8 survivors (8192K)
 Metaspace       used 101559K, committed 102528K, reserved 557056K
  class space    used 14172K, committed 14656K, reserved 425984K
}
Event: 16.920 GC heap before
{Heap before GC invocations=49 (full 0):
 garbage-first heap   total 337920K, used 275953K [0x0000000080000000, 0x0000000100000000)
  region size 1024K, 101 young (103424K), 8 survivors (8192K)
 Metaspace       used 101939K, committed 102912K, reserved 557056K
  class space    used 14189K, committed 14656K, reserved 425984K
}
Event: 16.929 GC heap after
{Heap after GC invocations=50 (full 0):
 garbage-first heap   total 337920K, used 173518K [0x0000000080000000, 0x0000000100000000)
  region size 1024K, 8 young (8192K), 8 survivors (8192K)
 Metaspace       used 101939K, committed 102912K, reserved 557056K
  class space    used 14189K, committed 14656K, reserved 425984K
}
Event: 17.414 GC heap before
{Heap before GC invocations=50 (full 0):
 garbage-first heap   total 337920K, used 282062K [0x0000000080000000, 0x0000000100000000)
  region size 1024K, 99 young (101376K), 8 survivors (8192K)
 Metaspace       used 102220K, committed 103232K, reserved 557056K
  class space    used 14217K, committed 14720K, reserved 425984K
}
Event: 17.422 GC heap after
{Heap after GC invocations=51 (full 0):
 garbage-first heap   total 337920K, used 180527K [0x0000000080000000, 0x0000000100000000)
  region size 1024K, 7 young (7168K), 7 survivors (7168K)
 Metaspace       used 102220K, committed 103232K, reserved 557056K
  class space    used 14217K, committed 14720K, reserved 425984K
}
Event: 17.693 GC heap before
{Heap before GC invocations=51 (full 0):
 garbage-first heap   total 337920K, used 274735K [0x0000000080000000, 0x0000000100000000)
  region size 1024K, 96 young (98304K), 7 survivors (7168K)
 Metaspace       used 102435K, committed 103424K, reserved 557056K
  class space    used 14253K, committed 14720K, reserved 425984K
}
Event: 17.699 GC heap after
{Heap after GC invocations=52 (full 0):
 garbage-first heap   total 337920K, used 185344K [0x0000000080000000, 0x0000000100000000)
  region size 1024K, 5 young (5120K), 5 survivors (5120K)
 Metaspace       used 102435K, committed 103424K, reserved 557056K
  class space    used 14253K, committed 14720K, reserved 425984K
}

