# JRE version: OpenJDK Runtime Environment Microsoft-8035246 (17.0.8+7) (build 17.0.8+7-LTS)
# Java VM: OpenJDK 64-Bit Server VM Microsoft-8035246 (17.0.8+7-LTS, mixed mode, sharing, tiered, compressed oops, compressed class ptrs, g1 gc, windows-amd64)
GC Precious Log:
 CPUs: 12 total, 12 available
 Memory: 16077M
 Large Page Support: Disabled
 NUMA Support: Disabled
 Compressed Oops: Enabled (32-bit)
 Heap Region Size: 1M
 Heap Min Capacity: 8M
 Heap Initial Capacity: 252M
 Heap Max Capacity: 2G
 Pre-touch: Disabled
 Parallel Workers: 10
 Concurrent Workers: 3
 Concurrent Refinement Workers: 10
 Periodic GC: Disabled
Heap:
 garbage-first heap   total 302080K, used 220783K [0x0000000080000000, 0x0000000100000000)
  region size 1024K, 54 young (55296K), 7 survivors (7168K)
 Metaspace       used 109732K, committed 110720K, reserved 557056K
  class space    used 15122K, committed 15616K, reserved 425984K
GC Heap History (20 events):
Event: 32.200 GC heap before
{Heap before GC invocations=44 (full 0):
 garbage-first heap   total 212992K, used 174475K [0x0000000080000000, 0x0000000100000000)
  region size 1024K, 34 young (34816K), 5 survivors (5120K)
 Metaspace       used 101216K, committed 102144K, reserved 557056K
  class space    used 14065K, committed 14464K, reserved 425984K
}
Event: 32.206 GC heap after
{Heap after GC invocations=45 (full 0):
 garbage-first heap   total 212992K, used 146358K [0x0000000080000000, 0x0000000100000000)
  region size 1024K, 2 young (2048K), 2 survivors (2048K)
 Metaspace       used 101216K, committed 102144K, reserved 557056K
  class space    used 14065K, committed 14464K, reserved 425984K
}
Event: 32.715 GC heap before
{Heap before GC invocations=45 (full 0):
 garbage-first heap   total 212992K, used 177078K [0x0000000080000000, 0x0000000100000000)
  region size 1024K, 32 young (32768K), 2 survivors (2048K)
 Metaspace       used 103779K, committed 104768K, reserved 557056K
  class space    used 14372K, committed 14848K, reserved 425984K
}
Event: 32.726 GC heap after
{Heap after GC invocations=46 (full 0):
 garbage-first heap   total 212992K, used 149618K [0x0000000080000000, 0x0000000100000000)
  region size 1024K, 4 young (4096K), 4 survivors (4096K)
 Metaspace       used 103779K, committed 104768K, reserved 557056K
  class space    used 14372K, committed 14848K, reserved 425984K
}
Event: 33.048 GC heap before
{Heap before GC invocations=46 (full 0):
 garbage-first heap   total 212992K, used 178290K [0x0000000080000000, 0x0000000100000000)
  region size 1024K, 32 young (32768K), 4 survivors (4096K)
 Metaspace       used 105251K, committed 106240K, reserved 557056K
  class space    used 14555K, committed 15040K, reserved 425984K
}
Event: 33.052 GC heap after
{Heap after GC invocations=47 (full 0):
 garbage-first heap   total 212992K, used 152398K [0x0000000080000000, 0x0000000100000000)
  region size 1024K, 3 young (3072K), 3 survivors (3072K)
 Metaspace       used 105251K, committed 106240K, reserved 557056K
  class space    used 14555K, committed 15040K, reserved 425984K
}
Event: 33.368 GC heap before
{Heap before GC invocations=47 (full 0):
 garbage-first heap   total 212992K, used 180046K [0x0000000080000000, 0x0000000100000000)
  region size 1024K, 30 young (30720K), 3 survivors (3072K)
 Metaspace       used 105971K, committed 106944K, reserved 557056K
  class space    used 14641K, committed 15104K, reserved 425984K
}
Event: 33.373 GC heap after
{Heap after GC invocations=48 (full 0):
 garbage-first heap   total 212992K, used 155465K [0x0000000080000000, 0x0000000100000000)
  region size 1024K, 4 young (4096K), 4 survivors (4096K)
 Metaspace       used 105971K, committed 106944K, reserved 557056K
  class space    used 14641K, committed 15104K, reserved 425984K
}
Event: 33.622 GC heap before
{Heap before GC invocations=48 (full 0):
 garbage-first heap   total 212992K, used 181065K [0x0000000080000000, 0x0000000100000000)
  region size 1024K, 29 young (29696K), 4 survivors (4096K)
 Metaspace       used 106194K, committed 107200K, reserved 557056K
  class space    used 14654K, committed 15104K, reserved 425984K
}
Event: 33.626 GC heap after
{Heap after GC invocations=49 (full 0):
 garbage-first heap   total 212992K, used 157933K [0x0000000080000000, 0x0000000100000000)
  region size 1024K, 3 young (3072K), 3 survivors (3072K)
 Metaspace       used 106194K, committed 107200K, reserved 557056K
  class space    used 14654K, committed 15104K, reserved 425984K
}
Event: 33.830 GC heap before
{Heap before GC invocations=49 (full 0):
 garbage-first heap   total 212992K, used 180461K [0x0000000080000000, 0x0000000100000000)
  region size 1024K, 26 young (26624K), 3 survivors (3072K)
 Metaspace       used 106689K, committed 107712K, reserved 557056K
  class space    used 14695K, committed 15168K, reserved 425984K
}
Event: 33.834 GC heap after
{Heap after GC invocations=50 (full 0):
 garbage-first heap   total 212992K, used 160988K [0x0000000080000000, 0x0000000100000000)
  region size 1024K, 3 young (3072K), 3 survivors (3072K)
 Metaspace       used 106689K, committed 107712K, reserved 557056K
  class space    used 14695K, committed 15168K, reserved 425984K
}
Event: 33.988 GC heap before
{Heap before GC invocations=50 (full 0):
 garbage-first heap   total 212992K, used 177372K [0x0000000080000000, 0x0000000100000000)
  region size 1024K, 16 young (16384K), 3 survivors (3072K)
 Metaspace       used 107840K, committed 108800K, reserved 557056K
  class space    used 14759K, committed 15232K, reserved 425984K
}
Event: 33.993 GC heap after
{Heap after GC invocations=51 (full 0):
 garbage-first heap   total 256000K, used 164442K [0x0000000080000000, 0x0000000100000000)
  region size 1024K, 3 young (3072K), 3 survivors (3072K)
 Metaspace       used 107840K, committed 108800K, reserved 557056K
  class space    used 14759K, committed 15232K, reserved 425984K
}
Event: 34.507 GC heap before
{Heap before GC invocations=52 (full 0):
 garbage-first heap   total 281600K, used 207450K [0x0000000080000000, 0x0000000100000000)
  region size 1024K, 46 young (47104K), 3 survivors (3072K)
 Metaspace       used 109137K, committed 110208K, reserved 557056K
  class space    used 15036K, committed 15552K, reserved 425984K
}
Event: 34.517 GC heap after
{Heap after GC invocations=53 (full 0):
 garbage-first heap   total 281600K, used 165513K [0x0000000080000000, 0x0000000100000000)
  region size 1024K, 5 young (5120K), 5 survivors (5120K)
 Metaspace       used 109137K, committed 110208K, reserved 557056K
  class space    used 15036K, committed 15552K, reserved 425984K
}
Event: 34.607 GC heap before
{Heap before GC invocations=53 (full 0):
 garbage-first heap   total 281600K, used 172681K [0x0000000080000000, 0x0000000100000000)
  region size 1024K, 13 young (13312K), 5 survivors (5120K)
 Metaspace       used 109199K, committed 110208K, reserved 557056K
  class space    used 15037K, committed 15552K, reserved 425984K
}
Event: 34.612 GC heap after
{Heap after GC invocations=54 (full 0):
 garbage-first heap   total 281600K, used 163884K [0x0000000080000000, 0x0000000100000000)
  region size 1024K, 1 young (1024K), 1 survivors (1024K)
 Metaspace       used 109199K, committed 110208K, reserved 557056K
  class space    used 15037K, committed 15552K, reserved 425984K
}
Event: 35.022 GC heap before
{Heap before GC invocations=54 (full 0):
 garbage-first heap   total 281600K, used 229420K [0x0000000080000000, 0x0000000100000000)
  region size 1024K, 66 young (67584K), 1 survivors (1024K)
 Metaspace       used 109710K, committed 110720K, reserved 557056K
  class space    used 15125K, committed 15616K, reserved 425984K
}
Event: 35.029 GC heap after
{Heap after GC invocations=55 (full 0):
 garbage-first heap   total 281600K, used 169583K [0x0000000080000000, 0x0000000100000000)
  region size 1024K, 7 young (7168K), 7 survivors (7168K)
 Metaspace       used 109710K, committed 110720K, reserved 557056K
  class space    used 15125K, committed 15616K, reserved 425984K
}

